<?xml version="1.0" encoding="UTF-8"?>
<!-- Generated by org.testng.reporters.JUnitXMLReporter -->
<testsuite ignored="0" hostname="LAPTOP-CVR9HVBP" failures="0" tests="5" name="Test" time="539.364" errors="0" timestamp="2020-03-27T00:06:56 IST">
  <testcase classname="Tests.test_chrome" name="f" time="40.439"/>
  <testcase classname="Tests.test_chrome" name="f" time="54.351"/>
  <testcase classname="Tests.test_chrome" name="f" time="58.132"/>
  <testcase classname="Tests.test_chrome" name="f" time="44.885"/>
  <testcase classname="Tests.test_chrome" name="f" time="41.573"/>
</testsuite> <!-- Test -->
